This is pdfTeX, Version 3.14159265-2.6-1.40.17 (TeX Live 2016/Debian) (preloaded format=latex 2017.1.7)  5 APR 2017 19:49
entering extended mode
 restricted \write18 enabled.
 %&-line parsing enabled.
**standalone.ins
(./standalone.ins
LaTeX2e <2016/03/31> patch level 3
Babel <3.9r> and hyphenation patterns for 3 language(s) loaded.
! I can't find file `ydocstrip.tex'.
l.1 \input ydocstrip.tex
                        
(Press Enter to retry, or Control-D to exit)
Please type another input file name: 
! Emergency stop.
l.1 \input ydocstrip.tex
                        
End of file on the terminal!

 
Here is how much of TeX's memory you used:
 7 strings out of 494946
 159 string characters out of 6181059
 45253 words of memory out of 5000000
 3400 multiletter control sequences out of 15000+600000
 3640 words of font info for 14 fonts, out of 8000000 for 9000
 14 hyphenation exceptions out of 8191
 5i,0n,3p,37b,8s stack positions out of 5000i,500n,10000p,200000b,80000s
No pages of output.
