\BOOKMARK [1][-]{toc1.1}{Contents}{}% 1
\BOOKMARK [1][-]{section.1}{1\040Documentation}{}% 2
\BOOKMARK [2][-]{subsection.1.1}{1.1\040Macros}{section.1}% 3
\BOOKMARK [3][-]{subsubsection.1.1.1}{1.1.1\040Feature\040options}{subsection.1.1}% 4
\BOOKMARK [3][-]{subsubsection.1.1.2}{1.1.2\040Input\040methods}{subsection.1.1}% 5
\BOOKMARK [2][-]{subsection.1.2}{1.2\040Workaround,\040option\040space}{section.1}% 6
\BOOKMARK [2][-]{subsection.1.3}{1.3\040Driver\040options}{section.1}% 7
\BOOKMARK [3][-]{subsubsection.1.3.1}{1.3.1\040Option\040pdftex}{subsection.1.3}% 8
\BOOKMARK [3][-]{subsubsection.1.3.2}{1.3.2\040Option\040dvipdfm}{subsection.1.3}% 9
\BOOKMARK [3][-]{subsubsection.1.3.3}{1.3.3\040Option\040dvips}{subsection.1.3}% 10
\BOOKMARK [3][-]{subsubsection.1.3.4}{1.3.4\040Turning\040off\040page\040stream\040compression}{subsection.1.3}% 11
\BOOKMARK [1][-]{section.2}{2\040Example}{}% 12
\BOOKMARK [2][-]{subsection.2.1}{2.1\040Example\040\\notparallel}{section.2}% 13
\BOOKMARK [2][-]{subsection.2.2}{2.2\040Example\040with\040pdfstringdef}{section.2}% 14
\BOOKMARK [1][-]{section.3}{3\040Implementation}{}% 15
\BOOKMARK [2][-]{subsection.3.1}{3.1\040Package}{section.3}% 16
\BOOKMARK [2][-]{subsection.3.2}{3.2\040Space\040setup}{section.3}% 17
\BOOKMARK [2][-]{subsection.3.3}{3.3\040Driver\040detection\040and\040setup}{section.3}% 18
\BOOKMARK [2][-]{subsection.3.4}{3.4\040Main\040macro}{section.3}% 19
\BOOKMARK [3][-]{subsubsection.3.4.1}{3.4.1\040Input\040methods}{subsection.3.4}% 20
\BOOKMARK [2][-]{subsection.3.5}{3.5\040Drivers}{section.3}% 21
\BOOKMARK [3][-]{subsubsection.3.5.1}{3.5.1\040Driver\040pdftex}{subsection.3.5}% 22
\BOOKMARK [3][-]{subsubsection.3.5.2}{3.5.2\040Driver\040dvipdfm}{subsection.3.5}% 23
\BOOKMARK [3][-]{subsubsection.3.5.3}{3.5.3\040Driver\040dvips}{subsection.3.5}% 24
\BOOKMARK [1][-]{section.4}{4\040Test}{}% 25
\BOOKMARK [2][-]{subsection.4.1}{4.1\040Catcode\040checks\040for\040loading}{section.4}% 26
\BOOKMARK [1][-]{section.5}{5\040Installation}{}% 27
\BOOKMARK [2][-]{subsection.5.1}{5.1\040Download}{section.5}% 28
\BOOKMARK [2][-]{subsection.5.2}{5.2\040Bundle\040installation}{section.5}% 29
\BOOKMARK [2][-]{subsection.5.3}{5.3\040Package\040installation}{section.5}% 30
\BOOKMARK [2][-]{subsection.5.4}{5.4\040Refresh\040file\040name\040databases}{section.5}% 31
\BOOKMARK [2][-]{subsection.5.5}{5.5\040Some\040details\040for\040the\040interested}{section.5}% 32
\BOOKMARK [1][-]{section.6}{6\040Catalogue}{}% 33
\BOOKMARK [1][-]{section.7}{7\040References}{}% 34
\BOOKMARK [1][-]{section.8}{8\040History}{}% 35
\BOOKMARK [2][-]{section*.14}{[2007/03/21\040v0.1]}{section.8}% 36
\BOOKMARK [2][-]{section*.15}{[2007/11/14\040v0.2]}{section.8}% 37
\BOOKMARK [2][-]{section*.16}{[2010/01/16\040v0.3]}{section.8}% 38
\BOOKMARK [2][-]{section*.17}{[2016/05/16\040v0.4]}{section.8}% 39
