This is pdfTeX, Version 3.14159265-2.6-1.40.16 (TeX Live 2015/Debian) (preloaded format=pdflatex 2017.10.31)  16 FEB 2018 10:51
entering extended mode
 restricted \write18 enabled.
 file:line:error style messages enabled.
 %&-line parsing enabled.
**mla.sty
(./mla.sty
LaTeX2e <2016/02/01>
Babel <3.9q> and hyphenation patterns for 81 language(s) loaded.

LaTeX Warning: You have requested package `',
               but the package provides `mla'.

Package: mla 
MLA Package - by Ryan Aycock
./mla.sty:67: Undefined control sequence.
l.67 \ifpdf
            % We're generating a pdf
The control sequence at the end of the top line
of your error message was never \def'ed. If you have
misspelled it (e.g., `\hobx'), type `I' and the correct
spelling (e.g., `I\hbox'). Otherwise just continue,
and I'll forget about whatever was undefined.


./mla.sty:68: LaTeX Error: \usepackage before \documentclass.

See the LaTeX manual or LaTeX Companion for explanation.
Type  H <return>  for immediate help.
 ...                                              
                                                  
l.68     \usepackage[pdftex]{
                             color,graphicx}
\usepackage may only appear in the document preamble, i.e.,
between \documentclass and \begin{document}.


./mla.sty:71: LaTeX Error: \usepackage before \documentclass.

See the LaTeX manual or LaTeX Companion for explanation.
Type  H <return>  for immediate help.
 ...                                              
                                                  
l.71     \usepackage{
                     thumbpdf}
\usepackage may only appear in the document preamble, i.e.,
between \documentclass and \begin{document}.

./mla.sty:73: Extra \else.
l.73 \else
          
I'm ignoring this; it doesn't match any \if.


./mla.sty:74: LaTeX Error: \usepackage before \documentclass.

See the LaTeX manual or LaTeX Companion for explanation.
Type  H <return>  for immediate help.
 ...                                              
                                                  
l.74     \usepackage[dvips]{
                            graphicx}
\usepackage may only appear in the document preamble, i.e.,
between \documentclass and \begin{document}.

./mla.sty:75: Extra \fi.
l.75 \fi
        
I'm ignoring this; it doesn't match any \if.


./mla.sty:88: LaTeX Error: \usepackage before \documentclass.

See the LaTeX manual or LaTeX Companion for explanation.
Type  H <return>  for immediate help.
 ...                                              
                                                  
l.88 \usepackage{
                 times}
\usepackage may only appear in the document preamble, i.e.,
between \documentclass and \begin{document}.

./mla.sty:93: Undefined control sequence.
<argument> \undefinedpagestyle 
                               
l.93 \pagestyle{headings}
                         
The control sequence at the end of the top line
of your error message was never \def'ed. If you have
misspelled it (e.g., `\hobx'), type `I' and the correct
spelling (e.g., `I\hbox'). Otherwise just continue,
and I'll forget about whatever was undefined.


./mla.sty:133: LaTeX Error: \usepackage before \documentclass.

See the LaTeX manual or LaTeX Companion for explanation.
Type  H <return>  for immediate help.
 ...                                              
                                                  
l.133 \usepackage{
                  fancyhdr}
\usepackage may only appear in the document preamble, i.e.,
between \documentclass and \begin{document}.

./mla.sty:134: Undefined control sequence.
l.134 \fancypagestyle
                     {norule}{ %
The control sequence at the end of the top line
of your error message was never \def'ed. If you have
misspelled it (e.g., `\hobx'), type `I' and the correct
spelling (e.g., `I\hbox'). Otherwise just continue,
and I'll forget about whatever was undefined.


./mla.sty:134: LaTeX Error: Missing \begin{document}.

See the LaTeX manual or LaTeX Companion for explanation.
Type  H <return>  for immediate help.
 ...                                              
                                                  
l.134 \fancypagestyle{n
                       orule}{ %
You're in trouble here.  Try typing  <return>  to proceed.
If that doesn't work, type  X <return>  to quit.

Missing character: There is no n in font nullfont!
Missing character: There is no o in font nullfont!
Missing character: There is no r in font nullfont!
Missing character: There is no u in font nullfont!
Missing character: There is no l in font nullfont!
Missing character: There is no e in font nullfont!

./mla.sty:135: LaTeX Error: \headrulewidth undefined.

See the LaTeX manual or LaTeX Companion for explanation.
Type  H <return>  for immediate help.
 ...                                              
                                                  
l.135     \renewcommand{\headrulewidth}
                                       {0pt}
Try typing  <return>  to proceed.
If that doesn't work, type  X <return>  to quit.


./mla.sty:136: LaTeX Error: \footrulewidth undefined.

See the LaTeX manual or LaTeX Companion for explanation.
Type  H <return>  for immediate help.
 ...                                              
                                                  
l.136     \renewcommand{\footrulewidth}
                                       {0pt}
Try typing  <return>  to proceed.
If that doesn't work, type  X <return>  to quit.

./mla.sty:138: Undefined control sequence.
l.138 \fancyhf
              {}
The control sequence at the end of the top line
of your error message was never \def'ed. If you have
misspelled it (e.g., `\hobx'), type `I' and the correct
spelling (e.g., `I\hbox'). Otherwise just continue,
and I'll forget about whatever was undefined.

./mla.sty:139: Undefined control sequence.
<argument> \undefinedpagestyle 
                               
l.139 \pagestyle{headings}
                          
The control sequence at the end of the top line
of your error message was never \def'ed. If you have
misspelled it (e.g., `\hobx'), type `I' and the correct
spelling (e.g., `I\hbox'). Otherwise just continue,
and I'll forget about whatever was undefined.

./mla.sty:140: Undefined control sequence.
<argument> \undefinedpagestyle 
                               
l.140 \pagestyle{norule}
                        
The control sequence at the end of the top line
of your error message was never \def'ed. If you have
misspelled it (e.g., `\hobx'), type `I' and the correct
spelling (e.g., `I\hbox'). Otherwise just continue,
and I'll forget about whatever was undefined.


Overfull \hbox (20.0pt too wide) in paragraph at lines 134--141
[]
 []

)
! Emergency stop.
<*> mla.sty
           
*** (job aborted, no legal \end found)

 
Here is how much of TeX's memory you used:
 28 strings out of 493029
 312 string characters out of 6136233
 53421 words of memory out of 5000000
 3663 multiletter control sequences out of 15000+600000
 3640 words of font info for 14 fonts, out of 8000000 for 9000
 1141 hyphenation exceptions out of 8191
 8i,0n,10p,228b,30s stack positions out of 5000i,500n,10000p,200000b,80000s
!  ==> Fatal error occurred, no output PDF file produced!
