This is pdfTeX, Version 3.14159265-2.6-1.40.17 (TeX Live 2016/Debian) (preloaded format=latex 2017.1.7)  21 JAN 2017 12:42
entering extended mode
 restricted \write18 enabled.
 %&-line parsing enabled.
**MnSymbol.ins
(./MnSymbol.ins
LaTeX2e <2016/03/31> patch level 3
Babel <3.9r> and hyphenation patterns for 3 language(s) loaded.
(/usr/share/texlive/texmf-dist/tex/latex/base/docstrip.tex
\blockLevel=\count79
\emptyLines=\count80
\processedLines=\count81
\commentsRemoved=\count82
\commentsPassed=\count83
\codeLinesPassed=\count84
\TotalprocessedLines=\count85
\TotalcommentsRemoved=\count86
\TotalcommentsPassed=\count87
\TotalcodeLinesPassed=\count88
\NumberOfFiles=\count89
\inFile=\read1
\inputcheck=\read2
\off@0=\count90
\off@1=\count91
\off@2=\count92
\off@3=\count93
\off@4=\count94
\off@5=\count95
\off@6=\count96
\off@7=\count97
\off@8=\count98
\off@9=\count99
\off@10=\count100
\off@11=\count101
\off@12=\count102
\off@13=\count103
\off@14=\count104
\off@15=\count105
\@maxfiles=\count106
\@maxoutfiles=\count107

Utility: `docstrip' 2.5e <2014/09/29>
English documentation    <2014/09/29>

**********************************************************
* This program converts documented macro-files into fast *
* loadable files by stripping off (nearly) all comments! *
**********************************************************

********************************************************
* No Configuration file found, using default settings. *
********************************************************

(./MnSymbol.ins

Generating file(s) ./MnSymbol.drv ./MnSymbol.sty 
\openout0 = `./MnSymbol.drv'.

\openout1 = `./MnSymbol.sty'.


Processing file MnSymbol.dtx (driver) -> MnSymbol.drv
                             (style) -> MnSymbol.sty
File MnSymbol.dtx ended by \endinput.
Lines  processed: 3454
Comments removed: 1598
Comments  passed: 0
Codelines passed: 1850

) ) ) 
Here is how much of TeX's memory you used:
 321 strings out of 494946
 3284 string characters out of 6181059
 52808 words of memory out of 5000000
 3707 multiletter control sequences out of 15000+600000
 3640 words of font info for 14 fonts, out of 8000000 for 9000
 14 hyphenation exceptions out of 8191
 15i,0n,15p,192b,127s stack positions out of 5000i,500n,10000p,200000b,80000s

No pages of output.
