This is pdfTeX, Version 3.14159265-2.6-1.40.17 (TeX Live 2016/Debian) (preloaded format=latex 2017.1.7)  5 APR 2017 19:25
entering extended mode
 restricted \write18 enabled.
 %&-line parsing enabled.
**isodate.ins
(./isodate.ins
LaTeX2e <2016/03/31> patch level 3
Babel <3.9r> and hyphenation patterns for 3 language(s) loaded.
(/usr/share/texlive/texmf-dist/tex/latex/base/docstrip.tex
\blockLevel=\count79
\emptyLines=\count80
\processedLines=\count81
\commentsRemoved=\count82
\commentsPassed=\count83
\codeLinesPassed=\count84
\TotalprocessedLines=\count85
\TotalcommentsRemoved=\count86
\TotalcommentsPassed=\count87
\TotalcodeLinesPassed=\count88
\NumberOfFiles=\count89
\inFile=\read1
\inputcheck=\read2
\off@0=\count90
\off@1=\count91
\off@2=\count92
\off@3=\count93
\off@4=\count94
\off@5=\count95
\off@6=\count96
\off@7=\count97
\off@8=\count98
\off@9=\count99
\off@10=\count100
\off@11=\count101
\off@12=\count102
\off@13=\count103
\off@14=\count104
\off@15=\count105
\@maxfiles=\count106
\@maxoutfiles=\count107

Utility: `docstrip' 2.5e <2014/09/29>
English documentation    <2014/09/29>

**********************************************************
* This program converts documented macro-files into fast *
* loadable files by stripping off (nearly) all comments! *
**********************************************************

********************************************************
* No Configuration file found, using default settings. *
********************************************************

(./isodate.ins

Generating file(s) ./isodate.sty ./danish.idf ./english.idf ./french.idf ./germ
an.idf ./italian.idf ./norsk.idf ./swedish.idf ./isodateo.sty 
\openout0 = `./isodate.sty'.

\openout1 = `./danish.idf'.

\openout2 = `./english.idf'.

\openout3 = `./french.idf'.

\openout4 = `./german.idf'.

\openout5 = `./italian.idf'.

\openout6 = `./norsk.idf'.

\openout7 = `./swedish.idf'.


Processing file isodate.dtx (isodate) -> isodate.sty
                            (language,danish) -> danish.idf
                            (language,english) -> english.idf
                            (language,french) -> french.idf
                            (language,german) -> german.idf
                            (language,italian) -> italian.idf
                            (language,norsk) -> norsk.idf
                            (language,swedish) -> swedish.idf
% % % % % % <*driver . . . . . . . . . . . . . . . . . . . . . . . . . . . . .
. . . . . . . . . . . . . . > % % % % % % % % % % % % % % % % % % % % % % % %
% % % % % % % % % % % % % % % % % % % % % % % % % % % % % % % % % % % % % % %
% % % % % % % % % % % % % % % % % % % % % % % % % % % % % % % % % % % % % % %
% % % % % % % % % % % % % % % % % % % % % % % % % % % % % % % % % % % % % % %
% % % % % % % % % % % % % % % % % % % % % % % % % % % % % % % % % % % % % % %
% % % % % % % % % % % % % % % % % % % % % % % % % % % % % % % % % % % % % % %
% % % % % % % % % % % % % % % % % % % % % % % % % % % % % % % % % % % % % % %
% % % % % % % % % % % % % % % % % % % % % % % % % % % % % % % % % % % % % % %
% % % % % % % % % % % % % % % % % % % % % % % % % % % % % % % % % % % % % % %
% % % % % % % % % % % % % % % % % % % % % % % % % % % % % % % % % % % % % % %
% % % % % % % % % % % % % % % % % % % % % % % % % % % % % % % % % % % % % % %
% % % % % % % % % % % % % % % % % % % % % % % % % % % % % % % % % % % % % % %
% % % % % % % % % % % % % % % % % % % % % % % % % % % % % % % % % % % % % % %
% % % % % % % % % % % % % % % % % % % % % % % % % % % % % % % % % % % % % % %
% % % % % % % % % % % % % % % % % % % % % % % % % % % % % % % % % % % % % % %
% % % % % % % % % % % % % % % % % % % % % % % % % % % % % % % % % % % % % % %
% % % % % % % % % % % % % % % % % % % % % % % % % % % % % % % % % % % % %
<isodate . > <isodate . > <danish . > <english . > <french . > <german . >
<italian . > <norsk . > <swedish . > <isodate . > <language . > % % %
<*isodate . . . . . . . . % % % % % % . . . . . . . . . . . . % % % % . . % %
% % % . . . . . . . . . % % % % % % % . . . . . . . . . . . . . . . . . . % %
% % . . . . . . % % % . % % % . % % % % % % % . . . . . . . . . . . . % % % %
% % % . . . . . . % % % % % % % % . . . . % % % % % % . . . . % % % % . % % %
% % % % % % % . . . . . . . % % % % % % . . . . . . % % % % % % % . % % % % %
% % . % % % % % % % % % . . . . . . . . . . . . . . . . . . . . . . . . . . %
% % % % % % % % . % % % % % % . . . . . % % % % % % % % . . . . . % % % % % %
% . . . . . % % % % % . . . . . % % % % % . . . . . % % % % % % . . . . . % %
% % % % % . . . . % % % % % % . . . . % % % % % % . . . . % % % % % % . . . .
% % % % % . . % % % % % % . . % % % % % % . . % % % % % % % % . . . . % % % %
% % % % % . . . . % % % % % % % % % % . . . . % % % % % % % % % % % . . . . .
. % % % % % % % % . . % % % % % . . . . . % % % % % % % % . . . . . . % % % %
% % . % % % . % % % . . . % % % % . . % % % % . . % % % % . . % % % . . . . .
. . . . . % % % % % % . % % % % % % . % % % % % % % % . . . . . . . . . . . %
% % % % % . % % % . % % % . % % % % . . % % % . . . . . . . . . % % % % % % .
% % % % % . . . . . . . . . . . . . . . . . . . % % % % % . . . . . . . . . .
. . . . . . % % % % % . . . . . . . . . . . . . . . . . . . . . . . . % % % %
% . % % % % % . . . % % % . . . . . . % % % % . . % % % % . . % % % % . . . %
% % . . . . . . . . . . . % % % % % % % % . . % % % % . . . . . . % % % % . .
% % % . . . . . . % % % % % % % % . . % % % % . . . . . . % % % % . . % % % .
. . . . . % % % % % % % % . . % % % % . . . . . . % % % % % % . . . . . . . .
. . % % % % % . . . . . . . . . . . . . . . . % % % % % . . . . . . % % % % %
% % % % % % % % . . . . . . . . . . . . . . % % % % % . . % % % % % . . . % %
% % % % . . . . > % % % % % % % % % <*danish . . % % % % % % . . . % % % % % %
. . . . . % % % . . . . . . . % % % . . . . . . . . . . . . . % % % % % % . %
% % . . . . . . % % % . . . . . % % % . . . % % % . . . % % % . . . % % % . .
. . . . . . . % % % % % % . . % % % % % . . % % % % % % % . % % % . . % % % .
. % % % % % % % . . . . . . . . . . . . . . . . . . % % % . . . . % % % % % .
% % % % % % % % % . % % % % % % % . . . . . > % % % % % % % % % <*english . %
% % % % % . . . % % % % % % % % . . . . % % % % % % . . . . . . . . . . . . .
. . % % % % % % . % % % . . . . . . . . . . . % % % . . . . . . . . . . . . .
. % % % % % % . . . . . % % % . % % % . . . . . . . . . % % % . . . % % % . .
. % % % . . . . . . . . . % % % % % . . % % % % % % . . % % % % % . . % % % %
% % % . % % % . . % % % . . % % % % % % % . . . . . . . . . . . . . . . . . .
. . . % % % . . . . % % % % % % % % % . % % % % % % . . . . % % % % % . . . .
. % % % . . . . . . . % % % . . . . . . . . . . . . . % % % % % % . . . . . .
% % % . . . . . . . . . % % % . . . % % % . . . % % % . . . . . . . . . % % %
% % . % % % % % % . . % % % % % . . % % % % % % % . % % % . . % % % . . % % %
% % % % . . . . . . . . . . . . . % % % . . . . % % % % % % % % % . % % % % %
. . % % % % % . . . . . % % % . . . . . . . % % % . . . . . . . . . . . . . .
% % % % % % . . . . . . % % % . . . . . . . . . % % % . . . . % % % . . . . %
% % . . . . . . . . . % % % % % . % % % % % % . . % % % % % . . % % % % % % %
. % % % . . % % % . . % % % % % % % . . . . . . . . . . . . . . . . . . . . .
. . . . . . . % % % % % % . . . . . % % % . . . . . % % % % % % % % % . % % %
. . % % % % . % % % % % % % % % % % . . . . . . . . . . . . . . . > % % % % %
% % % % <*french . . % % % . . . . % % . . . . . . . . . . . . . . . . . . . .
. . . . . . % % . . . . . . . . . . . . . . . . . . . . . . . . . . . . . . %
% . . % % % % . . % % % . . . . . % % . . . . . . . . . . . . . . . . . . . .
. . . . % % . % % % % % % % % % % . % % % % % % . . . . . . > % % % % % % % %
% <*german . . % % % % % % % . . . . . % % % % % . % % % % % % % . . . . . . %
% % % % . . . . . . . % % . . . . . . . . . . . . . . . . . . . . . . . . . %
% . . . . . . . . . . . . . . . . . . . . . . . . . . . . . . . . . . . . . .
. . . % % . . . . . % % . . . . . . . . . . . . . . . . . % % . % % . . . % %
% % % % % % . . % % . . . % % % % % % % % . . % % . . . % % % % % % % % . . %
% . . . % % % % % % % % . . . % % % % % % % % % % . . . . . . . . . . . . . .
> % % % % % % % % % <*italian . . % % % . . . . % % . . . . . . . . . . . . .
. . . . . . . . . . . . . . % % . . . . . . . . . . . . . . . . . . . . . . .
. . . . . . . % % . . % % % % . . % % % . . . . . % % . . . . . . . . . . . .
. . . . . . . . . . . . % % . % % % % % % % % . % % . . . . . > % % % % % % %
% % % % % % % <*norsk . . % % % % % % . . . % % % % % % . . . . . % % % . . .
. . . . % % % . . . . . . . . . . . . . % % % % % % . % % % . . . . . % % % .
. . . . . . . . % % % . . . % % % . . . % % % . . . . . . . . . % % % % % % .
. % % % % % . . % % % % % % % . % % % . . . . % % % % % % % . . . . . . . . .
. . . . . . . . . % % % . . . . % % % % % . % % % % % % % % % . % % % % % % %
. . . . . > % % % % % % % % % % % % % % <*swedish . . % % % % % % . . . % % %
% % % . . . . . % % % . . . . . . . % % % . . . . . . . . . . . . . % % % % %
% . % % % . . . . . % % % . . . . . . . . . % % % . . . % % % . . . % % % . .
. . . . . . . % % % % % % . . % % % % % . . % % % % % % % . % % % . . . . % %
% % % % % . . . . . . . . . . . . . . . . . . % % % . . . . % % % % % . % % %
% % % % % % . % % % % % % % . . . . . > % % %
Lines  processed: 3397
Comments removed: 1910
Comments  passed: 0
Codelines passed: 1458

\openout0 = `./isodateo.sty'.


Processing file isodateo.dtx (package) -> isodateo.sty
% % % % % % <*package . . . . > <*driver . . . . . . . . . . . . . . . . . . .
. . . . . . . . . . . . . . . . . . > % % % % % % % % % % % % % % % % % % % %
% % % % % % % % % % % % % % % % % % % % % % % % % % % % % % % % % % % % % % %
% % % % % % % % % % % % % % % % % % % % % % % % % % % % % % % % % % % % % % %
% % % % % % % % % % % % % % % % % % % % % % % % % % % % % % % % % % % % % % %
% % % % % % % % % % % % % % % % % % % % % % % % % % % % % % % % % <*package %
% % . . . . . . . . . . % % % % % % % % % % . . . . % % % % . . . . . . . . %
% % % % % % . % % % % . . . . . . . % % % . . % % % % . . . . . % % % % . . .
. . % % % % . % % % % % % . . . . % % % . . . % % % % % . . % % % % % % . . .
. % % % . . . . . % % % % % . . . . . % % % % . % % % % % . % % % % % % % % .
% % % % % % . . . . . % % % % % . . . . . . . . % % % % . . . % % % % % . . %
% % % % % % % % % % % % . . . . . . . . . . . . . . . . % % % % % . . . % % %
% . . . % % % % . . . % % % % % % % % % % % . . . . . . . . . . . . . % % % %
> % %
Lines  processed: 499
Comments removed: 327
Comments  passed: 0
Codelines passed: 166

* ready
)
Overall statistics:
Files  processed: 2
Lines  processed: 3896
Comments removed: 2237
Comments  passed: 0
Codelines passed: 1624
 ) ) 
Here is how much of TeX's memory you used:
 392 strings out of 494946
 4049 string characters out of 6181059
 54849 words of memory out of 5000000
 3770 multiletter control sequences out of 15000+600000
 3640 words of font info for 14 fonts, out of 8000000 for 9000
 14 hyphenation exceptions out of 8191
 16i,0n,15p,144b,201s stack positions out of 5000i,500n,10000p,200000b,80000s

No pages of output.
